C:\DEEP\GETFINGERCOUNT\WEBCAM\DEBUG\WEBCAM.EXE
C:\DEEP\GETFINGERCOUNT\WEBCAM\DEBUG\WEBCAM.PDB
C:\Deep\GetFingerCount\Webcam\Webcam\Debug\cl.command.1.tlog
C:\Deep\GetFingerCount\Webcam\Webcam\Debug\CL.read.1.tlog
C:\Deep\GetFingerCount\Webcam\Webcam\Debug\CL.write.1.tlog
C:\Deep\GetFingerCount\Webcam\Webcam\Debug\link.99660.read.1.tlog
C:\Deep\GetFingerCount\Webcam\Webcam\Debug\link.99660.write.1.tlog
C:\Deep\GetFingerCount\Webcam\Webcam\Debug\link.99660-cvtres.read.1.tlog
C:\Deep\GetFingerCount\Webcam\Webcam\Debug\link.99660-cvtres.write.1.tlog
C:\Deep\GetFingerCount\Webcam\Webcam\Debug\link.command.1.tlog
C:\Deep\GetFingerCount\Webcam\Webcam\Debug\link.read.1.tlog
C:\Deep\GetFingerCount\Webcam\Webcam\Debug\link.write.1.tlog
C:\Deep\GetFingerCount\Webcam\Webcam\Debug\link-cvtres.read.1.tlog
C:\Deep\GetFingerCount\Webcam\Webcam\Debug\link-cvtres.write.1.tlog
C:\Deep\GetFingerCount\Webcam\Webcam\Debug\mt.command.1.tlog
C:\Deep\GetFingerCount\Webcam\Webcam\Debug\mt.read.1.tlog
C:\Deep\GetFingerCount\Webcam\Webcam\Debug\mt.write.1.tlog
C:\Deep\GetFingerCount\Webcam\Webcam\Debug\rc.command.1.tlog
C:\Deep\GetFingerCount\Webcam\Webcam\Debug\rc.read.1.tlog
C:\Deep\GetFingerCount\Webcam\Webcam\Debug\rc.write.1.tlog
C:\Deep\GetFingerCount\Webcam\Webcam\Debug\vc100.idb
C:\DEEP\GETFINGERCOUNT\WEBCAM\WEBCAM\DEBUG\VC100.PDB
C:\Deep\GetFingerCount\Webcam\Webcam\Debug\Webcam.exe.embed.manifest
C:\DEEP\GETFINGERCOUNT\WEBCAM\WEBCAM\DEBUG\WEBCAM.EXE.EMBED.MANIFEST.RES
C:\DEEP\GETFINGERCOUNT\WEBCAM\WEBCAM\DEBUG\WEBCAM.EXE.INTERMEDIATE.MANIFEST
C:\DEEP\GETFINGERCOUNT\WEBCAM\WEBCAM\DEBUG\WEBCAM.OBJ
C:\Deep\GetFingerCount\Webcam\Webcam\Debug\Webcam.vcxprojResolveAssemblyReference.cache
C:\Deep\GetFingerCount\Webcam\Webcam\Debug\Webcam.write.1.tlog
C:\Deep\GetFingerCount\Webcam\Webcam\Debug\Webcam_manifest.rc
E:\SHARE\DEEP_LEARNING_교육\손가락_학습_DATA\WEBCAM\WEBCAM\DEBUG\WEBCAM.EXE
E:\SHARE\DEEP_LEARNING_교육\손가락_학습_DATA\WEBCAM\WEBCAM\DEBUG\WEBCAM.ILK
E:\SHARE\DEEP_LEARNING_교육\손가락_학습_DATA\WEBCAM\WEBCAM\DEBUG\WEBCAM.PDB
E:\SHARE\DEEP_LEARNING_교육\손가락_학습_DATA\WEBCAM\WEBCAM\WEBCAM\DEBUG\VC100.PDB
E:\SHARE\DEEP_LEARNING_교육\손가락_학습_DATA\WEBCAM\WEBCAM\WEBCAM\DEBUG\WEBCAM.EXE.EMBED.MANIFEST
E:\SHARE\DEEP_LEARNING_교육\손가락_학습_DATA\WEBCAM\WEBCAM\WEBCAM\DEBUG\WEBCAM.EXE.EMBED.MANIFEST.RES
E:\SHARE\DEEP_LEARNING_교육\손가락_학습_DATA\WEBCAM\WEBCAM\WEBCAM\DEBUG\WEBCAM.EXE.INTERMEDIATE.MANIFEST
E:\SHARE\DEEP_LEARNING_교육\손가락_학습_DATA\WEBCAM\WEBCAM\WEBCAM\DEBUG\WEBCAM.OBJ
